{"timeS":1741815518,"timeMS":518896,"keyCode":65,"keyId":"Alt","type":"keypress","dev":"event2"}
{"timeS":1741815656,"timeMS":656599,"keyCode":67,"keyId":"Control","type":"keypress","dev":"event2"}
{"timeS":1741815657,"timeMS":657010,"keyCode":114,"keyId":"r","type":"keypress","dev":"event2"}
{"timeS":1741815658,"timeMS":658836,"keyCode":65,"keyId":"Alt","type":"keypress","dev":"event2"}
{"timeS":1741815731,"timeMS":731584,"keyCode":67,"keyId":"Control","type":"keypress","dev":"event2"}
{"timeS":1741815732,"timeMS":732041,"keyCode":114,"keyId":"r","type":"keypress","dev":"event2"}
{"timeS":1741815736,"timeMS":736700,"keyCode":83,"keyId":"Shift","type":"keypress","dev":"event2"}
{"timeS":1741815736,"timeMS":736978,"keyCode":77,"keyId":"M","type":"keypress","dev":"event2"}
{"timeS":1741815737,"timeMS":737493,"keyCode":97,"keyId":"a","type":"keypress","dev":"event2"}
{"timeS":1741815737,"timeMS":737879,"keyCode":114,"keyId":"r","type":"keypress","dev":"event2"}
{"timeS":1741815738,"timeMS":738279,"keyCode":100,"keyId":"d","type":"keypress","dev":"event2"}
{"timeS":1741815738,"timeMS":738525,"keyCode":105,"keyId":"i","type":"keypress","dev":"event2"}
{"timeS":1741815738,"timeMS":738790,"keyCode":110,"keyId":"n","type":"keypress","dev":"event2"}
{"timeS":1741815739,"timeMS":739113,"keyCode":32,"keyId":" ","type":"keypress","dev":"event2"}
{"timeS":1741815739,"timeMS":739285,"keyCode":83,"keyId":"Shift","type":"keypress","dev":"event2"}
{"timeS":1741815739,"timeMS":739541,"keyCode":75,"keyId":"K","type":"keypress","dev":"event2"}
{"timeS":1741815739,"timeMS":739793,"keyCode":97,"keyId":"a","type":"keypress","dev":"event2"}
{"timeS":1741815739,"timeMS":739967,"keyCode":109,"keyId":"m","type":"keypress","dev":"event2"}
{"timeS":1741815740,"timeMS":740223,"keyCode":108,"keyId":"l","type":"keypress","dev":"event2"}
{"timeS":1741815740,"timeMS":740759,"keyCode":66,"keyId":"Backspace","type":"keypress","dev":"event2"}
{"timeS":1741815741,"timeMS":741116,"keyCode":98,"keyId":"b","type":"keypress","dev":"event2"}
{"timeS":1741815741,"timeMS":741411,"keyCode":108,"keyId":"l","type":"keypress","dev":"event2"}
{"timeS":1741815741,"timeMS":741434,"keyCode":101,"keyId":"e","type":"keypress","dev":"event2"}
{"timeS":1741815746,"timeMS":746971,"keyCode":84,"keyId":"Tab","type":"keypress","dev":"event2"}
{"timeS":1741815747,"timeMS":747588,"keyCode":83,"keyId":"Shift","type":"keypress","dev":"event2"}
{"timeS":1741815747,"timeMS":747968,"keyCode":77,"keyId":"M","type":"keypress","dev":"event2"}
{"timeS":1741815748,"timeMS":748301,"keyCode":97,"keyId":"a","type":"keypress","dev":"event2"}
{"timeS":1741815748,"timeMS":748787,"keyCode":114,"keyId":"r","type":"keypress","dev":"event2"}
{"timeS":1741815749,"timeMS":749065,"keyCode":100,"keyId":"d","type":"keypress","dev":"event2"}
{"timeS":1741815749,"timeMS":749336,"keyCode":105,"keyId":"i","type":"keypress","dev":"event2"}
{"timeS":1741815749,"timeMS":749515,"keyCode":110,"keyId":"n","type":"keypress","dev":"event2"}
{"timeS":1741815749,"timeMS":749689,"keyCode":83,"keyId":"Shift","type":"keypress","dev":"event2"}
{"timeS":1741815749,"timeMS":749826,"keyCode":64,"keyId":"@","type":"keypress","dev":"event2"}
{"timeS":1741815750,"timeMS":750135,"keyCode":48,"keyId":"0","type":"keypress","dev":"event2"}
{"timeS":1741815750,"timeMS":750370,"keyCode":57,"keyId":"9","type":"keypress","dev":"event2"}
{"timeS":1741815750,"timeMS":750582,"keyCode":56,"keyId":"8","type":"keypress","dev":"event2"}
{"timeS":1741815756,"timeMS":756595,"keyCode":65,"keyId":"Alt","type":"keypress","dev":"event2"}
{"timeS":1741815819,"timeMS":819562,"keyCode":67,"keyId":"Control","type":"keypress","dev":"event2"}
{"timeS":1741815819,"timeMS":819855,"keyCode":114,"keyId":"r","type":"keypress","dev":"event2"}
{"timeS":1741815858,"timeMS":858108,"keyCode":97,"keyId":"a","type":"keypress","dev":"event2"}
{"timeS":1741815858,"timeMS":858233,"keyCode":115,"keyId":"s","type":"keypress","dev":"event2"}
{"timeS":1741815858,"timeMS":858306,"keyCode":100,"keyId":"d","type":"keypress","dev":"event2"}
{"timeS":1741815858,"timeMS":858487,"keyCode":97,"keyId":"a","type":"keypress","dev":"event2"}
{"timeS":1741815858,"timeMS":858545,"keyCode":100,"keyId":"d","type":"keypress","dev":"event2"}
{"timeS":1741815858,"timeMS":858555,"keyCode":115,"keyId":"s","type":"keypress","dev":"event2"}
{"timeS":1741815858,"timeMS":858840,"keyCode":65,"keyId":"Alt","type":"keypress","dev":"event2"}
{"timeS":1741815865,"timeMS":865317,"keyCode":67,"keyId":"Control","type":"keypress","dev":"event2"}
{"timeS":1741815865,"timeMS":865685,"keyCode":66,"keyId":"Backspace","type":"keypress","dev":"event2"}
{"timeS":1741815865,"timeMS":865895,"keyCode":66,"keyId":"Backspace","type":"keypress","dev":"event2"}
{"timeS":1741815866,"timeMS":866023,"keyCode":66,"keyId":"Backspace","type":"keypress","dev":"event2"}
{"timeS":1741815866,"timeMS":866241,"keyCode":83,"keyId":"Shift","type":"keypress","dev":"event2"}
{"timeS":1741815866,"timeMS":866481,"keyCode":77,"keyId":"M","type":"keypress","dev":"event2"}
{"timeS":1741815866,"timeMS":866765,"keyCode":97,"keyId":"a","type":"keypress","dev":"event2"}
{"timeS":1741815867,"timeMS":867009,"keyCode":114,"keyId":"r","type":"keypress","dev":"event2"}
{"timeS":1741815867,"timeMS":867254,"keyCode":100,"keyId":"d","type":"keypress","dev":"event2"}
{"timeS":1741815867,"timeMS":867449,"keyCode":105,"keyId":"i","type":"keypress","dev":"event2"}
{"timeS":1741815867,"timeMS":867616,"keyCode":110,"keyId":"n","type":"keypress","dev":"event2"}
{"timeS":1741815868,"timeMS":868413,"keyCode":32,"keyId":" ","type":"keypress","dev":"event2"}
{"timeS":1741816046,"timeMS":46221,"keyCode":67,"keyId":"Control","type":"keypress","dev":"event2"}
{"timeS":1741816046,"timeMS":46603,"keyCode":114,"keyId":"r","type":"keypress","dev":"event2"}
{"timeS":1741816048,"timeMS":48810,"keyCode":67,"keyId":"Control","type":"keypress","dev":"event2"}
{"timeS":1741816048,"timeMS":48901,"keyCode":66,"keyId":"Backspace","type":"keypress","dev":"event2"}
{"timeS":1741816049,"timeMS":49088,"keyCode":66,"keyId":"Backspace","type":"keypress","dev":"event2"}
{"timeS":1741816049,"timeMS":49563,"keyCode":97,"keyId":"a","type":"keypress","dev":"event2"}
{"timeS":1741816049,"timeMS":49696,"keyCode":100,"keyId":"d","type":"keypress","dev":"event2"}
{"timeS":1741816049,"timeMS":49770,"keyCode":109,"keyId":"m","type":"keypress","dev":"event2"}
{"timeS":1741816049,"timeMS":49954,"keyCode":105,"keyId":"i","type":"keypress","dev":"event2"}
{"timeS":1741816049,"timeMS":49974,"keyCode":110,"keyId":"n","type":"keypress","dev":"event2"}
{"timeS":1741816050,"timeMS":50180,"keyCode":84,"keyId":"Tab","type":"keypress","dev":"event2"}
{"timeS":1741816050,"timeMS":50479,"keyCode":97,"keyId":"a","type":"keypress","dev":"event2"}
{"timeS":1741816050,"timeMS":50603,"keyCode":100,"keyId":"d","type":"keypress","dev":"event2"}
{"timeS":1741816050,"timeMS":50673,"keyCode":109,"keyId":"m","type":"keypress","dev":"event2"}
{"timeS":1741816050,"timeMS":50800,"keyCode":105,"keyId":"i","type":"keypress","dev":"event2"}
{"timeS":1741816050,"timeMS":50888,"keyCode":110,"keyId":"n","type":"keypress","dev":"event2"}
{"timeS":1741816052,"timeMS":52434,"keyCode":67,"keyId":"Control","type":"keypress","dev":"event2"}
{"timeS":1741816052,"timeMS":52558,"keyCode":66,"keyId":"Backspace","type":"keypress","dev":"event2"}
{"timeS":1741816052,"timeMS":52700,"keyCode":66,"keyId":"Backspace","type":"keypress","dev":"event2"}
{"timeS":1741816052,"timeMS":52949,"keyCode":97,"keyId":"a","type":"keypress","dev":"event2"}
{"timeS":1741816053,"timeMS":53091,"keyCode":100,"keyId":"d","type":"keypress","dev":"event2"}
{"timeS":1741816053,"timeMS":53265,"keyCode":109,"keyId":"m","type":"keypress","dev":"event2"}
{"timeS":1741816053,"timeMS":53516,"keyCode":105,"keyId":"i","type":"keypress","dev":"event2"}
{"timeS":1741816053,"timeMS":53527,"keyCode":110,"keyId":"n","type":"keypress","dev":"event2"}
{"timeS":1741816062,"timeMS":62556,"keyCode":66,"keyId":"Backspace","type":"keypress","dev":"event2"}
{"timeS":1741816063,"timeMS":63057,"keyCode":66,"keyId":"Backspace","type":"keypress","dev":"event2"}
{"timeS":1741816063,"timeMS":63088,"keyCode":66,"keyId":"Backspace","type":"keypress","dev":"event2"}
{"timeS":1741816063,"timeMS":63118,"keyCode":66,"keyId":"Backspace","type":"keypress","dev":"event2"}
{"timeS":1741816063,"timeMS":63148,"keyCode":66,"keyId":"Backspace","type":"keypress","dev":"event2"}
{"timeS":1741816063,"timeMS":63178,"keyCode":66,"keyId":"Backspace","type":"keypress","dev":"event2"}
{"timeS":1741816063,"timeMS":63208,"keyCode":66,"keyId":"Backspace","type":"keypress","dev":"event2"}
{"timeS":1741816063,"timeMS":63239,"keyCode":66,"keyId":"Backspace","type":"keypress","dev":"event2"}
{"timeS":1741816063,"timeMS":63269,"keyCode":66,"keyId":"Backspace","type":"keypress","dev":"event2"}
{"timeS":1741816063,"timeMS":63299,"keyCode":66,"keyId":"Backspace","type":"keypress","dev":"event2"}
{"timeS":1741816063,"timeMS":63330,"keyCode":66,"keyId":"Backspace","type":"keypress","dev":"event2"}
{"timeS":1741816063,"timeMS":63360,"keyCode":66,"keyId":"Backspace","type":"keypress","dev":"event2"}
{"timeS":1741816063,"timeMS":63390,"keyCode":66,"keyId":"Backspace","type":"keypress","dev":"event2"}
{"timeS":1741816063,"timeMS":63420,"keyCode":66,"keyId":"Backspace","type":"keypress","dev":"event2"}
{"timeS":1741816063,"timeMS":63450,"keyCode":66,"keyId":"Backspace","type":"keypress","dev":"event2"}
{"timeS":1741816063,"timeMS":63481,"keyCode":66,"keyId":"Backspace","type":"keypress","dev":"event2"}
{"timeS":1741816063,"timeMS":63510,"keyCode":66,"keyId":"Backspace","type":"keypress","dev":"event2"}
{"timeS":1741816063,"timeMS":63541,"keyCode":66,"keyId":"Backspace","type":"keypress","dev":"event2"}
{"timeS":1741816067,"timeMS":67298,"keyCode":118,"keyId":"v","type":"keypress","dev":"event2"}
{"timeS":1741816067,"timeMS":67698,"keyCode":66,"keyId":"Backspace","type":"keypress","dev":"event2"}
{"timeS":1741816067,"timeMS":67913,"keyCode":66,"keyId":"Backspace","type":"keypress","dev":"event2"}
{"timeS":1741816068,"timeMS":68172,"keyCode":66,"keyId":"Backspace","type":"keypress","dev":"event2"}
{"timeS":1741816068,"timeMS":68354,"keyCode":66,"keyId":"Backspace","type":"keypress","dev":"event2"}
{"timeS":1741816068,"timeMS":68577,"keyCode":66,"keyId":"Backspace","type":"keypress","dev":"event2"}
{"timeS":1741816070,"timeMS":70809,"keyCode":118,"keyId":"v","type":"keypress","dev":"event2"}
{"timeS":1741816071,"timeMS":71060,"keyCode":105,"keyId":"i","type":"keypress","dev":"event2"}
{"timeS":1741816071,"timeMS":71309,"keyCode":112,"keyId":"p","type":"keypress","dev":"event2"}
{"timeS":1741816071,"timeMS":71534,"keyCode":117,"keyId":"u","type":"keypress","dev":"event2"}
{"timeS":1741816071,"timeMS":71580,"keyCode":108,"keyId":"l","type":"keypress","dev":"event2"}
{"timeS":1741816073,"timeMS":73449,"keyCode":67,"keyId":"Control","type":"keypress","dev":"event2"}
{"timeS":1741816073,"timeMS":73602,"keyCode":66,"keyId":"Backspace","type":"keypress","dev":"event2"}
{"timeS":1741816073,"timeMS":73753,"keyCode":66,"keyId":"Backspace","type":"keypress","dev":"event2"}
{"timeS":1741816073,"timeMS":73900,"keyCode":66,"keyId":"Backspace","type":"keypress","dev":"event2"}
{"timeS":1741816074,"timeMS":74059,"keyCode":97,"keyId":"a","type":"keypress","dev":"event2"}
{"timeS":1741816074,"timeMS":74168,"keyCode":100,"keyId":"d","type":"keypress","dev":"event2"}
{"timeS":1741816074,"timeMS":74258,"keyCode":109,"keyId":"m","type":"keypress","dev":"event2"}
{"timeS":1741816074,"timeMS":74391,"keyCode":105,"keyId":"i","type":"keypress","dev":"event2"}
{"timeS":1741816074,"timeMS":74428,"keyCode":110,"keyId":"n","type":"keypress","dev":"event2"}
{"timeS":1741816078,"timeMS":78574,"keyCode":65,"keyId":"Alt","type":"keypress","dev":"event2"}
{"timeS":1741816088,"timeMS":88799,"keyCode":67,"keyId":"Control","type":"keypress","dev":"event2"}
{"timeS":1741816088,"timeMS":88967,"keyCode":66,"keyId":"Backspace","type":"keypress","dev":"event2"}
{"timeS":1741816089,"timeMS":89143,"keyCode":66,"keyId":"Backspace","type":"keypress","dev":"event2"}
{"timeS":1741816089,"timeMS":89314,"keyCode":66,"keyId":"Backspace","type":"keypress","dev":"event2"}
{"timeS":1741816089,"timeMS":89704,"keyCode":109,"keyId":"m","type":"keypress","dev":"event2"}
{"timeS":1741816089,"timeMS":89937,"keyCode":97,"keyId":"a","type":"keypress","dev":"event2"}
{"timeS":1741816090,"timeMS":90197,"keyCode":114,"keyId":"r","type":"keypress","dev":"event2"}
{"timeS":1741816090,"timeMS":90429,"keyCode":100,"keyId":"d","type":"keypress","dev":"event2"}
{"timeS":1741816090,"timeMS":90634,"keyCode":105,"keyId":"i","type":"keypress","dev":"event2"}
{"timeS":1741816090,"timeMS":90827,"keyCode":110,"keyId":"n","type":"keypress","dev":"event2"}
{"timeS":1741816091,"timeMS":91035,"keyCode":65,"keyId":"Alt","type":"keypress","dev":"event2"}
{"timeS":1741816096,"timeMS":96890,"keyCode":67,"keyId":"Control","type":"keypress","dev":"event2"}
{"timeS":1741816096,"timeMS":96986,"keyCode":66,"keyId":"Backspace","type":"keypress","dev":"event2"}
{"timeS":1741816097,"timeMS":97151,"keyCode":66,"keyId":"Backspace","type":"keypress","dev":"event2"}
{"timeS":1741816097,"timeMS":97309,"keyCode":66,"keyId":"Backspace","type":"keypress","dev":"event2"}
{"timeS":1741816098,"timeMS":98116,"keyCode":118,"keyId":"v","type":"keypress","dev":"event2"}
{"timeS":1741816098,"timeMS":98360,"keyCode":105,"keyId":"i","type":"keypress","dev":"event2"}
{"timeS":1741816098,"timeMS":98626,"keyCode":112,"keyId":"p","type":"keypress","dev":"event2"}
{"timeS":1741816098,"timeMS":98837,"keyCode":117,"keyId":"u","type":"keypress","dev":"event2"}
{"timeS":1741816099,"timeMS":99072,"keyCode":108,"keyId":"l","type":"keypress","dev":"event2"}
{"timeS":1741816118,"timeMS":118481,"keyCode":66,"keyId":"Backspace","type":"keypress","dev":"event2"}
{"timeS":1741816118,"timeMS":118630,"keyCode":66,"keyId":"Backspace","type":"keypress","dev":"event2"}
{"timeS":1741816118,"timeMS":118792,"keyCode":66,"keyId":"Backspace","type":"keypress","dev":"event2"}
{"timeS":1741816118,"timeMS":118947,"keyCode":66,"keyId":"Backspace","type":"keypress","dev":"event2"}
{"timeS":1741816119,"timeMS":119096,"keyCode":66,"keyId":"Backspace","type":"keypress","dev":"event2"}
{"timeS":1741816119,"timeMS":119274,"keyCode":66,"keyId":"Backspace","type":"keypress","dev":"event2"}
{"timeS":1741816119,"timeMS":119395,"keyCode":66,"keyId":"Backspace","type":"keypress","dev":"event2"}
{"timeS":1741816119,"timeMS":119643,"keyCode":97,"keyId":"a","type":"keypress","dev":"event2"}
{"timeS":1741816119,"timeMS":119901,"keyCode":100,"keyId":"d","type":"keypress","dev":"event2"}
{"timeS":1741816120,"timeMS":120130,"keyCode":109,"keyId":"m","type":"keypress","dev":"event2"}
{"timeS":1741816120,"timeMS":120328,"keyCode":105,"keyId":"i","type":"keypress","dev":"event2"}
{"timeS":1741816120,"timeMS":120498,"keyCode":110,"keyId":"n","type":"keypress","dev":"event2"}
